12-27 18:06:44 374 com.isuwang.dapeng.bootstrap.Bootstrap.main() ERROR - null
java.lang.reflect.InvocationTargetException: null
	at sun.reflect.NativeConstructorAccessorImpl.newInstance0(Native Method) ~[na:1.8.0_151]
	at sun.reflect.NativeConstructorAccessorImpl.newInstance(NativeConstructorAccessorImpl.java:62) ~[na:1.8.0_151]
	at sun.reflect.DelegatingConstructorAccessorImpl.newInstance(DelegatingConstructorAccessorImpl.java:45) ~[na:1.8.0_151]
	at java.lang.reflect.Constructor.newInstance(Constructor.java:423) ~[na:1.8.0_151]
	at com.isuwang.dapeng.container.spring.SpringContainer.start(SpringContainer.java:74) ~[dapeng-container-1.3.0.jar:na]
	at java.util.ArrayList.forEach(ArrayList.java:1255) ~[na:1.8.0_151]
	at com.isuwang.dapeng.container.ContainerStartup.startup(ContainerStartup.java:75) ~[dapeng-container-1.3.0.jar:na]
	at sun.reflect.NativeMethodAccessorImpl.invoke0(Native Method) ~[na:1.8.0_151]
	at sun.reflect.NativeMethodAccessorImpl.invoke(NativeMethodAccessorImpl.java:62) ~[na:1.8.0_151]
	at sun.reflect.DelegatingMethodAccessorImpl.invoke(DelegatingMethodAccessorImpl.java:43) ~[na:1.8.0_151]
	at java.lang.reflect.Method.invoke(Method.java:498) ~[na:1.8.0_151]
	at com.isuwang.dapeng.bootstrap.Bootstrap.startup(Bootstrap.java:71) ~[dapeng-bootstrap-1.3.0.jar:na]
	at com.isuwang.dapeng.bootstrap.Bootstrap.main(Bootstrap.java:46) ~[dapeng-bootstrap-1.3.0.jar:na]
	at com.isuwang.dapeng.maven.plugin.RunContainerPlugin.lambda$execute$0(RunContainerPlugin.java:91) ~[na:na]
	at java.lang.Thread.run(Thread.java:748) ~[na:1.8.0_151]
Caused by: org.springframework.beans.factory.BeanCreationException: Error creating bean with name 'schoolDao': Injection of autowired dependencies failed; nested exception is org.springframework.beans.factory.BeanCreationException: Could not autowire field: private javax.sql.DataSource com.today36524.schoolsoa.dao.SchoolDao.dataSource; nested exception is org.springframework.beans.factory.BeanCreationException: Error creating bean with name 'getDataSource' defined in com.today36524.schoolsoa.util.ScalaSqlUtil: Bean instantiation via factory method failed; nested exception is org.springframework.beans.BeanInstantiationException: Failed to instantiate [javax.sql.DataSource]: Factory method 'getDataSource' threw exception; nested exception is java.lang.NullPointerException
	at org.springframework.beans.factory.annotation.AutowiredAnnotationBeanPostProcessor.postProcessPropertyValues(AutowiredAnnotationBeanPostProcessor.java:334) ~[spring-beans-4.2.4.RELEASE.jar:4.2.4.RELEASE]
	at org.springframework.beans.factory.support.AbstractAutowireCapableBeanFactory.populateBean(AbstractAutowireCapableBeanFactory.java:1214) ~[spring-beans-4.2.4.RELEASE.jar:4.2.4.RELEASE]
	at org.springframework.beans.factory.support.AbstractAutowireCapableBeanFactory.doCreateBean(AbstractAutowireCapableBeanFactory.java:543) ~[spring-beans-4.2.4.RELEASE.jar:4.2.4.RELEASE]
	at org.springframework.beans.factory.support.AbstractAutowireCapableBeanFactory.createBean(AbstractAutowireCapableBeanFactory.java:482) ~[spring-beans-4.2.4.RELEASE.jar:4.2.4.RELEASE]
	at org.springframework.beans.factory.support.AbstractBeanFactory$1.getObject(AbstractBeanFactory.java:306) ~[spring-beans-4.2.4.RELEASE.jar:4.2.4.RELEASE]
	at org.springframework.beans.factory.support.DefaultSingletonBeanRegistry.getSingleton(DefaultSingletonBeanRegistry.java:230) ~[spring-beans-4.2.4.RELEASE.jar:4.2.4.RELEASE]
	at org.springframework.beans.factory.support.AbstractBeanFactory.doGetBean(AbstractBeanFactory.java:302) ~[spring-beans-4.2.4.RELEASE.jar:4.2.4.RELEASE]
	at org.springframework.beans.factory.support.AbstractBeanFactory.getBean(AbstractBeanFactory.java:197) ~[spring-beans-4.2.4.RELEASE.jar:4.2.4.RELEASE]
	at org.springframework.beans.factory.support.DefaultListableBeanFactory.preInstantiateSingletons(DefaultListableBeanFactory.java:772) ~[spring-beans-4.2.4.RELEASE.jar:4.2.4.RELEASE]
	at org.springframework.context.support.AbstractApplicationContext.finishBeanFactoryInitialization(AbstractApplicationContext.java:839) ~[spring-context-4.2.4.RELEASE.jar:4.2.4.RELEASE]
	at org.springframework.context.support.AbstractApplicationContext.refresh(AbstractApplicationContext.java:538) ~[spring-context-4.2.4.RELEASE.jar:4.2.4.RELEASE]
	at org.springframework.context.support.ClassPathXmlApplicationContext.<init>(ClassPathXmlApplicationContext.java:139) ~[spring-context-4.2.4.RELEASE.jar:4.2.4.RELEASE]
	at org.springframework.context.support.ClassPathXmlApplicationContext.<init>(ClassPathXmlApplicationContext.java:93) ~[spring-context-4.2.4.RELEASE.jar:4.2.4.RELEASE]
	... 15 common frames omitted
Caused by: org.springframework.beans.factory.BeanCreationException: Could not autowire field: private javax.sql.DataSource com.today36524.schoolsoa.dao.SchoolDao.dataSource; nested exception is org.springframework.beans.factory.BeanCreationException: Error creating bean with name 'getDataSource' defined in com.today36524.schoolsoa.util.ScalaSqlUtil: Bean instantiation via factory method failed; nested exception is org.springframework.beans.BeanInstantiationException: Failed to instantiate [javax.sql.DataSource]: Factory method 'getDataSource' threw exception; nested exception is java.lang.NullPointerException
	at org.springframework.beans.factory.annotation.AutowiredAnnotationBeanPostProcessor$AutowiredFieldElement.inject(AutowiredAnnotationBeanPostProcessor.java:573) ~[spring-beans-4.2.4.RELEASE.jar:4.2.4.RELEASE]
	at org.springframework.beans.factory.annotation.InjectionMetadata.inject(InjectionMetadata.java:88) ~[spring-beans-4.2.4.RELEASE.jar:4.2.4.RELEASE]
	at org.springframework.beans.factory.annotation.AutowiredAnnotationBeanPostProcessor.postProcessPropertyValues(AutowiredAnnotationBeanPostProcessor.java:331) ~[spring-beans-4.2.4.RELEASE.jar:4.2.4.RELEASE]
	... 27 common frames omitted
Caused by: org.springframework.beans.factory.BeanCreationException: Error creating bean with name 'getDataSource' defined in com.today36524.schoolsoa.util.ScalaSqlUtil: Bean instantiation via factory method failed; nested exception is org.springframework.beans.BeanInstantiationException: Failed to instantiate [javax.sql.DataSource]: Factory method 'getDataSource' threw exception; nested exception is java.lang.NullPointerException
	at org.springframework.beans.factory.support.ConstructorResolver.instantiateUsingFactoryMethod(ConstructorResolver.java:599) ~[spring-beans-4.2.4.RELEASE.jar:4.2.4.RELEASE]
	at org.springframework.beans.factory.support.AbstractAutowireCapableBeanFactory.instantiateUsingFactoryMethod(AbstractAutowireCapableBeanFactory.java:1123) ~[spring-beans-4.2.4.RELEASE.jar:4.2.4.RELEASE]
	at org.springframework.beans.factory.support.AbstractAutowireCapableBeanFactory.createBeanInstance(AbstractAutowireCapableBeanFactory.java:1018) ~[spring-beans-4.2.4.RELEASE.jar:4.2.4.RELEASE]
	at org.springframework.beans.factory.support.AbstractAutowireCapableBeanFactory.doCreateBean(AbstractAutowireCapableBeanFactory.java:510) ~[spring-beans-4.2.4.RELEASE.jar:4.2.4.RELEASE]
	at org.springframework.beans.factory.support.AbstractAutowireCapableBeanFactory.createBean(AbstractAutowireCapableBeanFactory.java:482) ~[spring-beans-4.2.4.RELEASE.jar:4.2.4.RELEASE]
	at org.springframework.beans.factory.support.AbstractBeanFactory$1.getObject(AbstractBeanFactory.java:306) ~[spring-beans-4.2.4.RELEASE.jar:4.2.4.RELEASE]
	at org.springframework.beans.factory.support.DefaultSingletonBeanRegistry.getSingleton(DefaultSingletonBeanRegistry.java:230) ~[spring-beans-4.2.4.RELEASE.jar:4.2.4.RELEASE]
	at org.springframework.beans.factory.support.AbstractBeanFactory.doGetBean(AbstractBeanFactory.java:302) ~[spring-beans-4.2.4.RELEASE.jar:4.2.4.RELEASE]
	at org.springframework.beans.factory.support.AbstractBeanFactory.getBean(AbstractBeanFactory.java:197) ~[spring-beans-4.2.4.RELEASE.jar:4.2.4.RELEASE]
	at org.springframework.beans.factory.support.DefaultListableBeanFactory.findAutowireCandidates(DefaultListableBeanFactory.java:1192) ~[spring-beans-4.2.4.RELEASE.jar:4.2.4.RELEASE]
	at org.springframework.beans.factory.support.DefaultListableBeanFactory.doResolveDependency(DefaultListableBeanFactory.java:1116) ~[spring-beans-4.2.4.RELEASE.jar:4.2.4.RELEASE]
	at org.springframework.beans.factory.support.DefaultListableBeanFactory.resolveDependency(DefaultListableBeanFactory.java:1014) ~[spring-beans-4.2.4.RELEASE.jar:4.2.4.RELEASE]
	at org.springframework.beans.factory.annotation.AutowiredAnnotationBeanPostProcessor$AutowiredFieldElement.inject(AutowiredAnnotationBeanPostProcessor.java:545) ~[spring-beans-4.2.4.RELEASE.jar:4.2.4.RELEASE]
	... 29 common frames omitted
Caused by: org.springframework.beans.BeanInstantiationException: Failed to instantiate [javax.sql.DataSource]: Factory method 'getDataSource' threw exception; nested exception is java.lang.NullPointerException
	at org.springframework.beans.factory.support.SimpleInstantiationStrategy.instantiate(SimpleInstantiationStrategy.java:189) ~[spring-beans-4.2.4.RELEASE.jar:4.2.4.RELEASE]
	at org.springframework.beans.factory.support.ConstructorResolver.instantiateUsingFactoryMethod(ConstructorResolver.java:588) ~[spring-beans-4.2.4.RELEASE.jar:4.2.4.RELEASE]
	... 41 common frames omitted
Caused by: java.lang.NullPointerException: null
	at com.today36524.schoolsoa.util.ScalaSqlUtil.getDataSource(ScalaSqlUtil.scala:39) ~[classes/:na]
	at com.today36524.schoolsoa.util.ScalaSqlUtil$$EnhancerBySpringCGLIB$$13ca9f37.CGLIB$getDataSource$0(<generated>) ~[classes/:na]
	at com.today36524.schoolsoa.util.ScalaSqlUtil$$EnhancerBySpringCGLIB$$13ca9f37$$FastClassBySpringCGLIB$$9c7b64df.invoke(<generated>) ~[classes/:na]
	at org.springframework.cglib.proxy.MethodProxy.invokeSuper(MethodProxy.java:228) ~[spring-core-4.2.4.RELEASE.jar:4.2.4.RELEASE]
	at org.springframework.context.annotation.ConfigurationClassEnhancer$BeanMethodInterceptor.intercept(ConfigurationClassEnhancer.java:355) ~[spring-context-4.2.4.RELEASE.jar:4.2.4.RELEASE]
	at com.today36524.schoolsoa.util.ScalaSqlUtil$$EnhancerBySpringCGLIB$$13ca9f37.getDataSource(<generated>) ~[classes/:na]
	at sun.reflect.NativeMethodAccessorImpl.invoke0(Native Method) ~[na:1.8.0_151]
	at sun.reflect.NativeMethodAccessorImpl.invoke(NativeMethodAccessorImpl.java:62) ~[na:1.8.0_151]
	at sun.reflect.DelegatingMethodAccessorImpl.invoke(DelegatingMethodAccessorImpl.java:43) ~[na:1.8.0_151]
	at java.lang.reflect.Method.invoke(Method.java:498) ~[na:1.8.0_151]
	at org.springframework.beans.factory.support.SimpleInstantiationStrategy.instantiate(SimpleInstantiationStrategy.java:162) ~[spring-beans-4.2.4.RELEASE.jar:4.2.4.RELEASE]
	... 42 common frames omitted
12-27 18:06:44 400 com.isuwang.dapeng.bootstrap.Bootstrap.main() INFO - Bind Local Port 9090 [Netty]
12-27 18:06:44 409 com.isuwang.dapeng.bootstrap.Bootstrap.main() INFO - service load filter com.isuwang.dapeng.container.filter.SoaGlobalTransactionalFilter 
12-27 18:06:44 409 com.isuwang.dapeng.bootstrap.Bootstrap.main() INFO - service load filter com.isuwang.dapeng.container.filter.ProviderTimesFilter 
12-27 18:06:44 409 com.isuwang.dapeng.bootstrap.Bootstrap.main() INFO - service load filter com.isuwang.dapeng.container.filter.SlowTimeServiceFilter 
12-27 18:06:44 412 com.isuwang.dapeng.bootstrap.Bootstrap.main() INFO - arg -Dmaven.multiModuleProjectDirectory=/home/lhscala/works/scaplace/schoolsoanew/schoolsoanew-service
12-27 18:06:44 413 com.isuwang.dapeng.bootstrap.Bootstrap.main() INFO - arg -Dmaven.home=/usr/tool/idea-IC-173.3942.27/plugins/maven/lib/maven3
12-27 18:06:44 413 com.isuwang.dapeng.bootstrap.Bootstrap.main() INFO - arg -Dclassworlds.conf=/usr/tool/idea-IC-173.3942.27/plugins/maven/lib/maven3/bin/m2.conf
12-27 18:06:44 413 com.isuwang.dapeng.bootstrap.Bootstrap.main() INFO - arg -javaagent:/usr/tool/idea-IC-173.3942.27/lib/idea_rt.jar=39007:/usr/tool/idea-IC-173.3942.27/bin
12-27 18:06:44 413 com.isuwang.dapeng.bootstrap.Bootstrap.main() INFO - arg -Dfile.encoding=UTF-8
12-27 18:06:44 414 com.isuwang.dapeng.bootstrap.Bootstrap.main() INFO - Server startup in 2508 ms
12-27 18:06:44 449 api-doc-thread INFO - Logging initialized @7458ms
12-27 18:06:44 600 api-doc-thread INFO - jetty-9.3.7.v20160115
12-27 18:06:44 894 api-doc-thread INFO - Initializing Spring root WebApplicationContext
12-27 18:06:46 548 api-doc-thread INFO - Initializing Spring FrameworkServlet 'appServlet'
12-27 18:06:46 566 api-doc-thread INFO - Started o.e.j.w.WebAppContext@bc7e8b7{/,jar:file:/home/lhscala/.m2/repository/com/isuwang/dapeng-api-doc/1.3.0/dapeng-api-doc-1.3.0.jar!/webapp/,AVAILABLE}{webapp}
12-27 18:06:46 575 api-doc-thread INFO - Started ServerConnector@3792a008{HTTP/1.1,[http/1.1]}{0.0.0.0:8080}
12-27 18:06:46 575 api-doc-thread INFO - Started @9584ms
12-27 18:06:56 388 Thread-14 INFO - size of urlMapping: 0
12-27 18:14:47 696 com.isuwang.dapeng.bootstrap.Bootstrap.main() INFO - 注册本地服务:com.today36524.schoolsoa.service.SchoolService 1.0.0
12-27 18:14:47 720 com.isuwang.dapeng.bootstrap.Bootstrap.main() INFO - Bind Local Port 9090 [Netty]
12-27 18:14:47 725 com.isuwang.dapeng.bootstrap.Bootstrap.main() INFO - service load filter com.isuwang.dapeng.container.filter.SoaGlobalTransactionalFilter 
12-27 18:14:47 725 com.isuwang.dapeng.bootstrap.Bootstrap.main() INFO - service load filter com.isuwang.dapeng.container.filter.ProviderTimesFilter 
12-27 18:14:47 725 com.isuwang.dapeng.bootstrap.Bootstrap.main() INFO - service load filter com.isuwang.dapeng.container.filter.SlowTimeServiceFilter 
12-27 18:14:47 732 com.isuwang.dapeng.bootstrap.Bootstrap.main() INFO - arg -Dmaven.multiModuleProjectDirectory=/home/lhscala/works/scaplace/schoolsoanew/schoolsoanew-service
12-27 18:14:47 732 com.isuwang.dapeng.bootstrap.Bootstrap.main() INFO - arg -Dmaven.home=/usr/tool/idea-IC-173.3942.27/plugins/maven/lib/maven3
12-27 18:14:47 732 com.isuwang.dapeng.bootstrap.Bootstrap.main() INFO - arg -Dclassworlds.conf=/usr/tool/idea-IC-173.3942.27/plugins/maven/lib/maven3/bin/m2.conf
12-27 18:14:47 732 com.isuwang.dapeng.bootstrap.Bootstrap.main() INFO - arg -javaagent:/usr/tool/idea-IC-173.3942.27/lib/idea_rt.jar=34433:/usr/tool/idea-IC-173.3942.27/bin
12-27 18:14:47 733 com.isuwang.dapeng.bootstrap.Bootstrap.main() INFO - arg -Dfile.encoding=UTF-8
12-27 18:14:47 740 com.isuwang.dapeng.bootstrap.Bootstrap.main() INFO - Server startup in 2584 ms
12-27 18:14:47 768 api-doc-thread INFO - Logging initialized @16647ms
12-27 18:14:47 876 api-doc-thread INFO - jetty-9.3.7.v20160115
12-27 18:14:47 997 api-doc-thread INFO - Initializing Spring root WebApplicationContext
12-27 18:14:49 340 api-doc-thread INFO - Initializing Spring FrameworkServlet 'appServlet'
12-27 18:14:49 390 api-doc-thread INFO - Started o.e.j.w.WebAppContext@196456ff{/,jar:file:/home/lhscala/.m2/repository/com/isuwang/dapeng-api-doc/1.3.0/dapeng-api-doc-1.3.0.jar!/webapp/,AVAILABLE}{webapp}
12-27 18:14:49 402 api-doc-thread INFO - Started ServerConnector@7688e453{HTTP/1.1,[http/1.1]}{0.0.0.0:8080}
12-27 18:14:49 403 api-doc-thread INFO - Started @18281ms
12-27 18:14:59 174 Thread-16 INFO - soa remoting mode is local,client not load registry
12-27 18:14:59 180 Thread-16 INFO - com.today36524.schoolsoa.service.SchoolService 1.0.0 getServiceMetadata request
12-27 18:14:59 727 trans-pool-1-thread-1 INFO - com.today36524.schoolsoa.service.SchoolService 1.0.0 getServiceMetadata operatorId:Optional.empty operatorName:Optional.empty request body:getServiceMetadata_args()
12-27 18:14:59 773 trans-pool-1-thread-1 INFO - com.today36524.schoolsoa.service.SchoolService 1.0.0 getServiceMetadata operatorId:Optional.empty operatorName:Optional.empty response body:getServiceMetadata_result(<?xml version="1.0" encoding="UTF-8" standalone="yes"?>
<service namespace="com.today36524.schoolsoa.s...(3692)
12-27 18:14:59 774 trans-pool-1-thread-1 INFO - com.today36524.schoolsoa.service.SchoolService 1.0.0 getServiceMetadata 1 耗时:509ms
12-27 18:14:59 778 Thread-16 INFO - com.today36524.schoolsoa.service.SchoolService 1.0.0 getServiceMetadata callee: 127.0.0.1:9090 response respCode:Optional.empty time:598ms
12-27 18:14:59 778 trans-pool-1-thread-1 INFO - DONE /127.0.0.1:36246 /127.0.0.1:9090 1 com.today36524.schoolsoa.service.SchoolService.getServiceMetadata:1.0.0 0000 成功 228 7610 4ms 521ms
12-27 18:14:59 897 Thread-16 INFO - size of urlMapping: 7
12-27 18:16:10 751 qtp1337145760-33 INFO - soa-request: {"methodName":"findAllSchool","serviceName":"com.today36524.schoolsoa.service.SchoolService","params":{},"version":"1.0.0"}
12-27 18:16:10 797 trans-pool-1-thread-2 INFO - com.today36524.schoolsoa.service.SchoolService 1.0.0 findAllSchool operatorId:Optional.empty operatorName:Optional.empty request body:findAllSchool_args()
12-27 18:16:11 119 trans-pool-1-thread-2 INFO - com.today36524.schoolsoa.service.SchoolService 1.0.0 findAllSchool operatorId:Optional.empty operatorName:Optional.empty response body:findAllSchool_result(List(School(1,今天SCALA学校)))
12-27 18:16:11 122 trans-pool-1-thread-2 INFO - com.today36524.schoolsoa.service.SchoolService 1.0.0 findAllSchool 1 耗时:326ms
12-27 18:16:11 123 trans-pool-1-thread-2 INFO - DONE /127.0.0.1:36290 /127.0.0.1:9090 1 com.today36524.schoolsoa.service.SchoolService.findAllSchool:1.0.0 0000 成功 187 321 0ms 329ms
12-27 18:16:11 127 qtp1337145760-33 INFO - soa-response: {"success":[{"id":"1","name":"今天SCALA学校"}],"responseCode":"0000","responseMsg":"成功"} 376ms
12-27 18:16:59 180 Check idle connection Thread INFO - channel closed because of too much idle time
